[NotebookApp | WARNING] No nbgrader_config.py file found (rerun with --debug to see where nbgrader is looking)
[NotebookApp | INFO] Loading the validate_assignment nbgrader serverextension
[NotebookApp | INFO] Serving notebooks from local directory: C:\Users\17205\earth-analytics\sagebrush-ecosystem-modeling\scripts
[NotebookApp | INFO] The Jupyter Notebook is running at:
[NotebookApp | INFO] http://localhost:8888/?token=6c6c84b409906f1972368178331444967e4961ec6508086f
[NotebookApp | INFO]  or http://127.0.0.1:8888/?token=6c6c84b409906f1972368178331444967e4961ec6508086f
[NotebookApp | INFO] Use Control-C to stop this server and shut down all kernels (twice to skip confirmation).
[NotebookApp | CRITICAL] 
    
    To access the notebook, open this file in a browser:
        file:///C:/Users/17205/AppData/Roaming/jupyter/runtime/nbserver-16096-open.html
    Or copy and paste one of these URLs:
        http://localhost:8888/?token=6c6c84b409906f1972368178331444967e4961ec6508086f
     or http://127.0.0.1:8888/?token=6c6c84b409906f1972368178331444967e4961ec6508086f
[NotebookApp | INFO] 302 GET /files/custom.css (::1) 1.99ms
[NotebookApp | INFO] Interrupted...
[NotebookApp | INFO] Shutting down 0 kernels
[NotebookApp | WARNING] No nbgrader_config.py file found (rerun with --debug to see where nbgrader is looking)
[NotebookApp | INFO] Loading the validate_assignment nbgrader serverextension
[NotebookApp | INFO] Serving notebooks from local directory: C:\Users\17205\earth-analytics\sagebrush-ecosystem-modeling\scripts
[NotebookApp | INFO] The Jupyter Notebook is running at:
[NotebookApp | INFO] http://localhost:8888/?token=bc4de3b212a307cb327aadaf92486e711211305e87d7375c
[NotebookApp | INFO]  or http://127.0.0.1:8888/?token=bc4de3b212a307cb327aadaf92486e711211305e87d7375c
[NotebookApp | INFO] Use Control-C to stop this server and shut down all kernels (twice to skip confirmation).
[NotebookApp | CRITICAL] 
    
    To access the notebook, open this file in a browser:
        file:///C:/Users/17205/AppData/Roaming/jupyter/runtime/nbserver-10364-open.html
    Or copy and paste one of these URLs:
        http://localhost:8888/?token=bc4de3b212a307cb327aadaf92486e711211305e87d7375c
     or http://127.0.0.1:8888/?token=bc4de3b212a307cb327aadaf92486e711211305e87d7375c
[NotebookApp | WARNING] Notebook CU_South_NFINDR.ipynb is not trusted
[NotebookApp | INFO] Kernel started: a313cfb9-7754-4deb-a717-1d64accb3ded
[NotebookApp | INFO] Saving file at /CU_South_NFINDR.ipynb
[NotebookApp | WARNING] Notebook CU_South_NFINDR.ipynb is not trusted
[NotebookApp | INFO] Starting buffering for a313cfb9-7754-4deb-a717-1d64accb3ded:da149dc178e245ee83b938fb0bdc9e52
[NotebookApp | INFO] Interrupted...
[NotebookApp | INFO] Shutting down 1 kernel
[NotebookApp | INFO] Kernel shutdown: a313cfb9-7754-4deb-a717-1d64accb3ded
